::1 - - [06/Mar/2021:01:36:11 +0100] "GET /phpmyadmin/ HTTP/1.1" 403 220
::1 - - [06/Mar/2021:01:36:11 +0100] "GET /favicon.ico HTTP/1.1" 404 209
::1 - - [06/Mar/2021:01:36:15 +0100] "GET /phpmyadmin/ HTTP/1.1" 403 220
::1 - - [06/Mar/2021:01:36:19 +0100] "GET / HTTP/1.1" 200 1776
::1 - - [06/Mar/2021:01:36:31 +0100] "GET /phpmyadmin/db_structure.php?server=1&db=cardmarketv2 HTTP/1.1" 403 236
::1 - - [06/Mar/2021:01:36:36 +0100] "GET /phpmyadmin/ HTTP/1.1" 403 220
::1 - - [06/Mar/2021:01:37:56 +0100] "GET /phpmyadmin/ HTTP/1.1" 403 220
::1 - - [06/Mar/2021:01:42:07 +0100] "GET /phpmyadmin/ HTTP/1.1" 403 220
::1 - - [06/Mar/2021:01:43:23 +0100] "GET / HTTP/1.1" 200 1776
::1 - - [06/Mar/2021:01:43:29 +0100] "GET /?q=info HTTP/1.1" 200 94365
::1 - - [06/Mar/2021:01:44:21 +0100] "GET /phpmyadmin/db_structure.php?server=1&db=cardmarketv2 HTTP/1.1" 403 236
::1 - - [11/Mar/2021:00:52:00 +0100] "GET /phpmyadmin/ HTTP/1.1" 403 220
::1 - - [11/Mar/2021:00:52:01 +0100] "GET /favicon.ico HTTP/1.1" 404 209
::1 - - [11/Mar/2021:01:09:51 +0100] "GET /phpmyadmin/ HTTP/1.1" 403 220
::1 - - [11/Mar/2021:01:10:00 +0100] "GET / HTTP/1.1" 200 1776
::1 - - [11/Mar/2021:03:14:38 +0100] "GET / HTTP/1.1" 200 1776
::1 - - [11/Mar/2021:03:14:55 +0100] "GET /www/ HTTP/1.1" 404 202
::1 - - [11/Mar/2021:03:15:58 +0100] "POST /phonebookIOS/api HTTP/1.1" 404 214
::1 - - [11/Mar/2021:03:16:25 +0100] "GET /phonebookIOS/api HTTP/1.1" 404 214
::1 - - [11/Mar/2021:03:16:28 +0100] "GET /phonebookIOS HTTP/1.1" 301 238
::1 - - [11/Mar/2021:03:16:28 +0100] "GET /phonebookIOS/ HTTP/1.1" 200 1310
::1 - - [11/Mar/2021:03:17:56 +0100] "POST /phonebookIOS/puyblic/api/ HTTP/1.1" 404 223
::1 - - [11/Mar/2021:03:21:41 +0100] "GET / HTTP/1.1" 200 1776
::1 - - [11/Mar/2021:03:24:08 +0100] "GET /phpmyadmin/ HTTP/1.1" 403 220
